10:23:37:247 [ALWAYS]	GUDE Logging Started
10:23:37:247 [INFO]	SqliteResumeCache::SqliteResumeCache basedirectory is null/empty
10:23:37:247 [ERROR]	SqliteResumeCache::CreateSqliteResumeCache creating resume cache pointer failure
10:23:37:247 [ERROR]	Initialize resume cache pointer failure
10:23:37:247 [INFO]	gude policy POLICY_USER limit (2,2,1) chunk 2097152, chunking (UL 0 DL 1), resXfer 1, adapt 0, NSURL 0, timeout 86400 
10:23:37:247 [INFO]	Initialized -- gude-lib version: v0.12.1 app: gude
10:23:40:138 [WARN]	Ignoring attempt to reinit logging to \gude at level 4 retaining 3 days of logs
10:23:40:138 [INFO]	SqliteResumeCache::SqliteResumeCache basedirectory is null/empty
10:23:40:138 [ERROR]	SqliteResumeCache::CreateSqliteResumeCache creating resume cache pointer failure
10:23:40:138 [ERROR]	Initialize resume cache pointer failure
10:23:40:138 [INFO]	gude policy POLICY_USER limit (4,4,1) chunk 2097152, chunking (UL 0 DL 1), resXfer 1, adapt 0, NSURL 1, timeout 86400 
10:23:40:138 [INFO]	Initialized -- gude-lib version: v0.12.1 app: gude
17:21:07:174 [ALWAYS]	GUDE Logging Started
17:21:07:174 [INFO]	SqliteResumeCache::SqliteResumeCache basedirectory is null/empty
17:21:07:174 [ERROR]	SqliteResumeCache::CreateSqliteResumeCache creating resume cache pointer failure
17:21:07:174 [ERROR]	Initialize resume cache pointer failure
17:21:07:174 [INFO]	gude policy POLICY_USER limit (2,2,1) chunk 2097152, chunking (UL 0 DL 1), resXfer 1, adapt 0, NSURL 0, timeout 86400 
17:21:07:174 [INFO]	Initialized -- gude-lib version: v0.12.1 app: gude
17:21:09:178 [WARN]	Ignoring attempt to reinit logging to \gude at level 4 retaining 3 days of logs
17:21:09:178 [INFO]	SqliteResumeCache::SqliteResumeCache basedirectory is null/empty
17:21:09:178 [ERROR]	SqliteResumeCache::CreateSqliteResumeCache creating resume cache pointer failure
17:21:09:178 [ERROR]	Initialize resume cache pointer failure
17:21:09:178 [INFO]	gude policy POLICY_USER limit (4,4,1) chunk 2097152, chunking (UL 0 DL 1), resXfer 1, adapt 0, NSURL 1, timeout 86400 
17:21:09:179 [INFO]	Initialized -- gude-lib version: v0.12.1 app: gude
